[debug] [2023-09-12T15:40:14.297Z] ----------------------------------------------------------------------
[debug] [2023-09-12T15:40:14.300Z] Command:       /usr/local/bin/node /usr/local/bin/firebase init
[debug] [2023-09-12T15:40:14.300Z] CLI Version:   11.22.0
[debug] [2023-09-12T15:40:14.301Z] Platform:      linux
[debug] [2023-09-12T15:40:14.301Z] Node Version:  v18.12.1
[debug] [2023-09-12T15:40:14.301Z] Time:          Tue Sep 12 2023 18:40:14 GMT+0300 (East Africa Time)
[debug] [2023-09-12T15:40:14.301Z] ----------------------------------------------------------------------
[debug] 
[debug] [2023-09-12T15:40:14.307Z] > command requires scopes: ["email","openid","https://www.googleapis.com/auth/cloudplatformprojects.readonly","https://www.googleapis.com/auth/firebase","https://www.googleapis.com/auth/cloud-platform"]
[debug] [2023-09-12T15:40:14.307Z] > authorizing via signed-in user (gmikekamau@gmail.com)
[info] 
     ######## #### ########  ######## ########     ###     ######  ########
     ##        ##  ##     ## ##       ##     ##  ##   ##  ##       ##
     ######    ##  ########  ######   ########  #########  ######  ######
     ##        ##  ##    ##  ##       ##     ## ##     ##       ## ##
     ##       #### ##     ## ######## ########  ##     ##  ######  ########

You're about to initialize a Firebase project in this directory:

  /home/j.mike/personal-projects/websites/hidden_gems

[info] 
=== Project Setup
[info] 
[info] First, let's associate this project directory with a Firebase project.
[info] You can create multiple project aliases by running firebase use --add, 
[info] but for now we'll just set up a default project.
[info] 
[debug] [2023-09-12T15:40:40.315Z] >>> [apiv2][query] GET https://firebase.googleapis.com/v1beta1/projects pageSize=100
[debug] [2023-09-12T15:40:41.392Z] <<< [apiv2][status] GET https://firebase.googleapis.com/v1beta1/projects 200
[debug] [2023-09-12T15:40:41.393Z] <<< [apiv2][body] GET https://firebase.googleapis.com/v1beta1/projects [omitted]
[info] i  Using project hidden-gems-ed5c5 (hidden-gems) 
[info] 
=== Hosting Setup
[debug] [2023-09-12T15:41:50.818Z] Error: Unable to determine format for workspace path.
    at Object.readWorkspace (/home/j.mike/personal-projects/websites/hidden_gems/node_modules/@angular-devkit/core/src/workspace/core.js:86:15)
    at async getContext (/usr/local/lib/node_modules/firebase-tools/lib/frameworks/angular/index.js:147:27)
    at async discover (/usr/local/lib/node_modules/firebase-tools/lib/frameworks/angular/index.js:22:30)
    at async discover (/usr/local/lib/node_modules/firebase-tools/lib/frameworks/index.js:77:32)
    at async doSetup (/usr/local/lib/node_modules/firebase-tools/lib/init/features/hosting/index.js:54:31)
    at async init (/usr/local/lib/node_modules/firebase-tools/lib/init/index.js:36:9)
[error] 
[error] Error: An unexpected error has occurred.
[debug] [2023-09-12T15:41:55.718Z] ----------------------------------------------------------------------
[debug] [2023-09-12T15:41:55.720Z] Command:       /usr/local/bin/node /usr/local/bin/firebase init
[debug] [2023-09-12T15:41:55.720Z] CLI Version:   11.22.0
[debug] [2023-09-12T15:41:55.720Z] Platform:      linux
[debug] [2023-09-12T15:41:55.721Z] Node Version:  v18.12.1
[debug] [2023-09-12T15:41:55.721Z] Time:          Tue Sep 12 2023 18:41:55 GMT+0300 (East Africa Time)
[debug] [2023-09-12T15:41:55.721Z] ----------------------------------------------------------------------
[debug] 
[debug] [2023-09-12T15:41:55.727Z] > command requires scopes: ["email","openid","https://www.googleapis.com/auth/cloudplatformprojects.readonly","https://www.googleapis.com/auth/firebase","https://www.googleapis.com/auth/cloud-platform"]
[debug] [2023-09-12T15:41:55.728Z] > authorizing via signed-in user (gmikekamau@gmail.com)
[info] 
     ######## #### ########  ######## ########     ###     ######  ########
     ##        ##  ##     ## ##       ##     ##  ##   ##  ##       ##
     ######    ##  ########  ######   ########  #########  ######  ######
     ##        ##  ##    ##  ##       ##     ## ##     ##       ## ##
     ##       #### ##     ## ######## ########  ##     ##  ######  ########

You're about to initialize a Firebase project in this directory:

  /home/j.mike/personal-projects/websites/hidden_gems

[info] 
=== Project Setup
[info] 
[info] First, let's associate this project directory with a Firebase project.
[info] You can create multiple project aliases by running firebase use --add, 
[info] but for now we'll just set up a default project.
[info] 
[debug] [2023-09-12T15:42:07.684Z] >>> [apiv2][query] GET https://firebase.googleapis.com/v1beta1/projects pageSize=100
[debug] [2023-09-12T15:42:08.523Z] <<< [apiv2][status] GET https://firebase.googleapis.com/v1beta1/projects 200
[debug] [2023-09-12T15:42:08.523Z] <<< [apiv2][body] GET https://firebase.googleapis.com/v1beta1/projects [omitted]
[info] i  Using project hidden-gems-ed5c5 (hidden-gems) 
[info] 
=== Hosting Setup
[debug] [2023-09-12T15:43:04.530Z] ----------------------------------------------------------------------
[debug] [2023-09-12T15:43:04.532Z] Command:       /usr/local/bin/node /usr/local/bin/firebase init
[debug] [2023-09-12T15:43:04.533Z] CLI Version:   11.22.0
[debug] [2023-09-12T15:43:04.533Z] Platform:      linux
[debug] [2023-09-12T15:43:04.533Z] Node Version:  v18.12.1
[debug] [2023-09-12T15:43:04.534Z] Time:          Tue Sep 12 2023 18:43:04 GMT+0300 (East Africa Time)
[debug] [2023-09-12T15:43:04.534Z] ----------------------------------------------------------------------
[debug] 
[debug] [2023-09-12T15:43:04.539Z] > command requires scopes: ["email","openid","https://www.googleapis.com/auth/cloudplatformprojects.readonly","https://www.googleapis.com/auth/firebase","https://www.googleapis.com/auth/cloud-platform"]
[debug] [2023-09-12T15:43:04.540Z] > authorizing via signed-in user (gmikekamau@gmail.com)
[info] 
     ######## #### ########  ######## ########     ###     ######  ########
     ##        ##  ##     ## ##       ##     ##  ##   ##  ##       ##
     ######    ##  ########  ######   ########  #########  ######  ######
     ##        ##  ##    ##  ##       ##     ## ##     ##       ## ##
     ##       #### ##     ## ######## ########  ##     ##  ######  ########

You're about to initialize a Firebase project in this directory:

  /home/j.mike/personal-projects/websites/hidden_gems

[info] 
=== Project Setup
[info] 
[info] First, let's associate this project directory with a Firebase project.
[info] You can create multiple project aliases by running firebase use --add, 
[info] but for now we'll just set up a default project.
[info] 
[debug] [2023-09-12T15:43:48.304Z] >>> [apiv2][query] GET https://firebase.googleapis.com/v1beta1/projects pageSize=100
[debug] [2023-09-12T15:43:50.333Z] <<< [apiv2][status] GET https://firebase.googleapis.com/v1beta1/projects 200
[debug] [2023-09-12T15:43:50.334Z] <<< [apiv2][body] GET https://firebase.googleapis.com/v1beta1/projects [omitted]
[info] i  Using project hidden-gems-ed5c5 (hidden-gems) 
[info] 
=== Hosting Setup
[debug] [2023-09-12T15:44:15.304Z] Error: Unable to determine format for workspace path.
    at Object.readWorkspace (/home/j.mike/personal-projects/websites/hidden_gems/node_modules/@angular-devkit/core/src/workspace/core.js:86:15)
    at async getContext (/usr/local/lib/node_modules/firebase-tools/lib/frameworks/angular/index.js:147:27)
    at async discover (/usr/local/lib/node_modules/firebase-tools/lib/frameworks/angular/index.js:22:30)
    at async discover (/usr/local/lib/node_modules/firebase-tools/lib/frameworks/index.js:77:32)
    at async doSetup (/usr/local/lib/node_modules/firebase-tools/lib/init/features/hosting/index.js:54:31)
    at async init (/usr/local/lib/node_modules/firebase-tools/lib/init/index.js:36:9)
[error] 
[error] Error: An unexpected error has occurred.
[debug] [2023-09-12T16:06:27.786Z] ----------------------------------------------------------------------
[debug] [2023-09-12T16:06:27.789Z] Command:       /usr/local/bin/node /usr/local/bin/firebase init
[debug] [2023-09-12T16:06:27.790Z] CLI Version:   11.22.0
[debug] [2023-09-12T16:06:27.790Z] Platform:      linux
[debug] [2023-09-12T16:06:27.790Z] Node Version:  v18.12.1
[debug] [2023-09-12T16:06:27.791Z] Time:          Tue Sep 12 2023 19:06:27 GMT+0300 (East Africa Time)
[debug] [2023-09-12T16:06:27.791Z] ----------------------------------------------------------------------
[debug] 
[debug] [2023-09-12T16:06:27.802Z] > command requires scopes: ["email","openid","https://www.googleapis.com/auth/cloudplatformprojects.readonly","https://www.googleapis.com/auth/firebase","https://www.googleapis.com/auth/cloud-platform"]
[debug] [2023-09-12T16:06:27.803Z] > authorizing via signed-in user (gmikekamau@gmail.com)
[info] 
     ######## #### ########  ######## ########     ###     ######  ########
     ##        ##  ##     ## ##       ##     ##  ##   ##  ##       ##
     ######    ##  ########  ######   ########  #########  ######  ######
     ##        ##  ##    ##  ##       ##     ## ##     ##       ## ##
     ##       #### ##     ## ######## ########  ##     ##  ######  ########

You're about to initialize a Firebase project in this directory:

  /home/j.mike/personal-projects/websites/hidden_gems

[info] 
=== Project Setup
[info] 
[info] First, let's associate this project directory with a Firebase project.
[info] You can create multiple project aliases by running firebase use --add, 
[info] but for now we'll just set up a default project.
[info] 
[debug] [2023-09-12T16:06:51.123Z] > refreshing access token with scopes: []
[debug] [2023-09-12T16:06:51.129Z] >>> [apiv2][query] POST https://www.googleapis.com/oauth2/v3/token [none]
[debug] [2023-09-12T16:06:51.129Z] >>> [apiv2][body] POST https://www.googleapis.com/oauth2/v3/token [omitted]
[debug] [2023-09-12T16:06:51.714Z] <<< [apiv2][status] POST https://www.googleapis.com/oauth2/v3/token 200
[debug] [2023-09-12T16:06:51.715Z] <<< [apiv2][body] POST https://www.googleapis.com/oauth2/v3/token [omitted]
[debug] [2023-09-12T16:06:51.735Z] >>> [apiv2][query] GET https://firebase.googleapis.com/v1beta1/projects pageSize=100
[debug] [2023-09-12T16:06:52.746Z] <<< [apiv2][status] GET https://firebase.googleapis.com/v1beta1/projects 200
[debug] [2023-09-12T16:06:52.747Z] <<< [apiv2][body] GET https://firebase.googleapis.com/v1beta1/projects [omitted]
[info] i  Using project hidden-gems-ed5c5 (hidden-gems) 
[info] 
=== Hosting Setup
[debug] [2023-09-12T16:07:24.772Z] Error: Unable to determine format for workspace path.
    at Object.readWorkspace (/home/j.mike/personal-projects/websites/hidden_gems/node_modules/@angular-devkit/core/src/workspace/core.js:86:15)
    at async getContext (/usr/local/lib/node_modules/firebase-tools/lib/frameworks/angular/index.js:147:27)
    at async discover (/usr/local/lib/node_modules/firebase-tools/lib/frameworks/angular/index.js:22:30)
    at async discover (/usr/local/lib/node_modules/firebase-tools/lib/frameworks/index.js:77:32)
    at async doSetup (/usr/local/lib/node_modules/firebase-tools/lib/init/features/hosting/index.js:54:31)
    at async init (/usr/local/lib/node_modules/firebase-tools/lib/init/index.js:36:9)
[error] 
[error] Error: An unexpected error has occurred.
